mode: count
github.com/comerc/budva43/app/config/default.go:12.39,16.13 4 1
github.com/comerc/budva43/app/config/default.go:16.13,18.3 1 1
github.com/comerc/budva43/app/config/default.go:20.2,56.46 28 1
github.com/comerc/budva43/app/config/dirs.go:11.22,12.33 1 1
github.com/comerc/budva43/app/config/dirs.go:12.33,15.27 2 6
github.com/comerc/budva43/app/config/dirs.go:15.27,18.4 2 6
github.com/comerc/budva43/app/config/dirs.go:22.17,23.33 1 1
github.com/comerc/budva43/app/config/dirs.go:23.33,26.3 2 6
github.com/comerc/budva43/app/config/init.go:9.13,10.17 1 1
github.com/comerc/budva43/app/config/init.go:10.17,13.3 2 1
github.com/comerc/budva43/app/config/loader.go:14.21,16.47 2 1
github.com/comerc/budva43/app/config/loader.go:16.47,18.3 1 0
github.com/comerc/budva43/app/config/loader.go:21.2,44.45 10 1
github.com/comerc/budva43/app/config/loader.go:44.45,46.3 1 0
github.com/comerc/budva43/app/config/loader.go:49.2,53.73 3 1
github.com/comerc/budva43/app/config/loader.go:53.73,55.3 1 0
github.com/comerc/budva43/app/config/loader.go:58.2,60.15 2 1
github.com/comerc/budva43/app/log/callstack.go:30.35,32.2 1 53
github.com/comerc/budva43/app/log/callstack.go:35.50,38.16 2 1
github.com/comerc/budva43/app/log/callstack.go:38.16,40.3 1 0
github.com/comerc/budva43/app/log/callstack.go:43.2,43.6 1 1
github.com/comerc/budva43/app/log/callstack.go:43.6,45.47 2 2
github.com/comerc/budva43/app/log/callstack.go:45.47,49.4 2 1
github.com/comerc/budva43/app/log/callstack.go:51.3,52.20 2 1
github.com/comerc/budva43/app/log/callstack.go:52.20,54.9 1 0
github.com/comerc/budva43/app/log/callstack.go:56.3,56.15 1 1
github.com/comerc/budva43/app/log/callstack.go:59.2,59.15 1 0
github.com/comerc/budva43/app/log/callstack.go:63.46,65.16 2 1
github.com/comerc/budva43/app/log/callstack.go:65.16,67.3 1 0
github.com/comerc/budva43/app/log/callstack.go:68.2,71.21 3 1
github.com/comerc/budva43/app/log/callstack.go:71.21,73.41 2 1
github.com/comerc/budva43/app/log/callstack.go:73.41,75.23 2 1
github.com/comerc/budva43/app/log/callstack.go:75.23,77.5 1 1
github.com/comerc/budva43/app/log/callstack.go:81.2,81.11 1 0
github.com/comerc/budva43/app/log/callstack.go:85.24,86.28 1 255
github.com/comerc/budva43/app/log/callstack.go:86.28,88.3 1 1
github.com/comerc/budva43/app/log/callstack.go:92.30,95.2 2 77
github.com/comerc/budva43/app/log/callstack.go:98.32,101.2 2 178
github.com/comerc/budva43/app/log/callstack.go:104.44,106.18 2 77
github.com/comerc/budva43/app/log/callstack.go:106.18,108.3 1 0
github.com/comerc/budva43/app/log/callstack.go:111.2,111.47 1 77
github.com/comerc/budva43/app/log/callstack.go:111.47,117.27 3 77
github.com/comerc/budva43/app/log/callstack.go:117.27,119.4 1 6
github.com/comerc/budva43/app/log/callstack.go:121.3,121.18 1 77
github.com/comerc/budva43/app/log/callstack.go:125.2,125.47 1 0
github.com/comerc/budva43/app/log/callstack.go:125.47,127.3 1 0
github.com/comerc/budva43/app/log/callstack.go:130.2,130.44 1 0
github.com/comerc/budva43/app/log/callstack.go:130.44,132.3 1 0
github.com/comerc/budva43/app/log/callstack.go:134.2,134.19 1 0
github.com/comerc/budva43/app/log/callstack.go:138.44,140.18 2 101
github.com/comerc/budva43/app/log/callstack.go:140.18,142.3 1 0
github.com/comerc/budva43/app/log/callstack.go:145.2,145.43 1 101
github.com/comerc/budva43/app/log/callstack.go:145.43,147.3 1 77
github.com/comerc/budva43/app/log/callstack.go:150.2,150.44 1 24
github.com/comerc/budva43/app/log/callstack.go:150.44,152.3 1 0
github.com/comerc/budva43/app/log/callstack.go:154.2,154.14 1 24
github.com/comerc/budva43/app/log/callstack.go:158.46,160.16 2 77
github.com/comerc/budva43/app/log/callstack.go:160.16,163.3 1 0
github.com/comerc/budva43/app/log/callstack.go:166.2,166.58 1 77
github.com/comerc/budva43/app/log/callstack.go:166.58,168.3 1 77
github.com/comerc/budva43/app/log/callstack.go:171.2,171.32 1 0
github.com/comerc/budva43/app/log/callstack.go:176.51,179.23 2 54
github.com/comerc/budva43/app/log/callstack.go:179.23,181.10 2 101
github.com/comerc/budva43/app/log/callstack.go:181.10,182.9 1 0
github.com/comerc/budva43/app/log/callstack.go:186.3,187.16 2 101
github.com/comerc/budva43/app/log/callstack.go:187.16,188.12 1 0
github.com/comerc/budva43/app/log/callstack.go:191.3,195.17 3 101
github.com/comerc/budva43/app/log/callstack.go:195.17,196.9 1 24
github.com/comerc/budva43/app/log/callstack.go:200.3,203.36 3 77
github.com/comerc/budva43/app/log/callstack.go:203.36,206.4 1 77
github.com/comerc/budva43/app/log/callstack.go:209.3,217.11 2 77
github.com/comerc/budva43/app/log/callstack.go:217.11,218.9 1 30
github.com/comerc/budva43/app/log/callstack.go:222.2,222.15 1 54
github.com/comerc/budva43/app/log/error.go:13.38,15.2 1 4
github.com/comerc/budva43/app/log/error.go:17.47,23.2 1 2
github.com/comerc/budva43/app/log/error.go:25.46,26.16 1 4
github.com/comerc/budva43/app/log/error.go:26.16,28.3 1 2
github.com/comerc/budva43/app/log/error.go:29.2,30.31 2 2
github.com/comerc/budva43/app/log/error.go:30.31,41.3 6 1
github.com/comerc/budva43/app/log/error.go:42.2,46.3 1 1
github.com/comerc/budva43/app/log/init.go:15.13,16.17 1 1
github.com/comerc/budva43/app/log/init.go:16.17,19.3 2 1
github.com/comerc/budva43/app/log/init.go:22.27,31.2 3 1
github.com/comerc/budva43/app/log/log.go:21.43,25.2 1 29
github.com/comerc/budva43/app/log/log.go:27.75,29.2 1 10
github.com/comerc/budva43/app/log/log.go:31.74,33.2 1 20
github.com/comerc/budva43/app/log/log.go:35.74,37.2 1 0
github.com/comerc/budva43/app/log/log.go:39.93,41.27 2 30
github.com/comerc/budva43/app/log/log.go:41.27,42.38 1 24
github.com/comerc/budva43/app/log/log.go:42.38,43.43 1 0
github.com/comerc/budva43/app/log/log.go:43.43,44.13 1 0
github.com/comerc/budva43/app/log/log.go:47.3,47.10 1 24
github.com/comerc/budva43/app/log/log.go:49.2,49.18 1 30
github.com/comerc/budva43/app/log/log.go:49.18,51.3 1 0
github.com/comerc/budva43/app/log/log.go:52.2,53.37 2 30
github.com/comerc/budva43/app/log/log.go:53.37,59.35 6 24
github.com/comerc/budva43/app/log/log.go:59.35,63.4 3 3
github.com/comerc/budva43/app/log/log.go:64.3,66.19 3 24
github.com/comerc/budva43/app/log/log.go:66.19,68.4 1 21
github.com/comerc/budva43/app/log/log.go:69.3,70.30 2 24
github.com/comerc/budva43/app/log/log.go:70.30,72.4 1 47
github.com/comerc/budva43/app/log/log.go:73.3,73.58 1 24
github.com/comerc/budva43/app/log/log.go:74.8,77.3 2 6
github.com/comerc/budva43/app/log/log.go:78.2,78.54 1 30
github.com/comerc/budva43/app/log/log.go:81.56,83.13 2 1
github.com/comerc/budva43/app/log/log.go:83.13,85.3 1 1
github.com/comerc/budva43/app/log/log.go:86.2,92.3 1 0
github.com/comerc/budva43/app/log/log_auto.go:19.26,23.2 1 1
github.com/comerc/budva43/app/log/log_auto.go:26.22,33.2 6 73
github.com/comerc/budva43/app/log/log_auto.go:36.39,41.2 4 24
github.com/comerc/budva43/app/log/log_auto.go:44.29,49.2 4 49
github.com/comerc/budva43/app/log/log_auto.go:51.42,54.2 2 24
github.com/comerc/budva43/app/log/log_auto.go:57.26,60.13 3 29
github.com/comerc/budva43/app/log/log_auto.go:60.13,62.3 1 29
github.com/comerc/budva43/app/log/log_auto.go:62.8,64.3 1 0
github.com/comerc/budva43/app/log/log_auto.go:65.2,65.30 1 29
github.com/comerc/budva43/app/testing/cli_automator/cli_automator.go:32.47,39.16 4 1
github.com/comerc/budva43/app/testing/cli_automator/cli_automator.go:39.16,41.3 1 0
github.com/comerc/budva43/app/testing/cli_automator/cli_automator.go:44.2,45.16 2 1
github.com/comerc/budva43/app/testing/cli_automator/cli_automator.go:45.16,47.3 1 0
github.com/comerc/budva43/app/testing/cli_automator/cli_automator.go:49.2,65.23 4 1
github.com/comerc/budva43/app/testing/cli_automator/cli_automator.go:69.30,74.21 4 1
github.com/comerc/budva43/app/testing/cli_automator/cli_automator.go:74.21,77.10 2 4
github.com/comerc/budva43/app/testing/cli_automator/cli_automator.go:78.30,78.30 0 4
github.com/comerc/budva43/app/testing/cli_automator/cli_automator.go:80.11,86.39 3 0
github.com/comerc/budva43/app/testing/cli_automator/cli_automator.go:86.39,88.5 1 0
github.com/comerc/budva43/app/testing/cli_automator/cli_automator.go:91.4,92.29 2 0
github.com/comerc/budva43/app/testing/cli_automator/cli_automator.go:96.2,96.37 1 1
github.com/comerc/budva43/app/testing/cli_automator/cli_automator.go:96.37,97.53 1 1
github.com/comerc/budva43/app/testing/cli_automator/cli_automator.go:97.53,99.4 1 0
github.com/comerc/budva43/app/testing/cli_automator/cli_automator.go:99.9,101.4 1 1
github.com/comerc/budva43/app/testing/cli_automator/cli_automator.go:105.2,105.22 1 1
github.com/comerc/budva43/app/testing/cli_automator/cli_automator.go:109.54,112.2 2 2
github.com/comerc/budva43/app/testing/cli_automator/cli_automator.go:115.103,120.6 3 2
github.com/comerc/budva43/app/testing/cli_automator/cli_automator.go:120.6,121.10 1 3
github.com/comerc/budva43/app/testing/cli_automator/cli_automator.go:122.21,124.16 1 0
github.com/comerc/budva43/app/testing/cli_automator/cli_automator.go:125.36,126.11 1 3
github.com/comerc/budva43/app/testing/cli_automator/cli_automator.go:126.11,129.5 1 0
github.com/comerc/budva43/app/testing/cli_automator/cli_automator.go:132.4,132.40 1 3
github.com/comerc/budva43/app/testing/cli_automator/cli_automator.go:132.40,134.5 1 2
github.com/comerc/budva43/app/testing/cli_automator/cli_automator.go:145.32,152.27 3 1
github.com/comerc/budva43/app/testing/cli_automator/cli_automator.go:152.27,155.3 2 1
github.com/comerc/budva43/app/testing/cli_automator/cli_automator.go:156.2,156.26 1 1
github.com/comerc/budva43/app/testing/cli_automator/cli_automator.go:156.26,159.3 2 1
github.com/comerc/budva43/app/testing/cli_automator/cli_automator.go:162.2,162.27 1 1
github.com/comerc/budva43/app/testing/cli_automator/cli_automator.go:162.27,165.3 2 1
github.com/comerc/budva43/app/testing/cli_automator/cli_automator.go:166.2,166.26 1 1
github.com/comerc/budva43/app/testing/cli_automator/cli_automator.go:166.26,169.3 2 1
github.com/comerc/budva43/app/testing/spylog/init.go:14.13,15.17 1 1
github.com/comerc/budva43/app/testing/spylog/init.go:15.17,17.3 1 1
github.com/comerc/budva43/app/testing/spylog/spylog.go:20.45,25.2 1 1
github.com/comerc/budva43/app/testing/spylog/spylog.go:34.68,39.9 5 24
github.com/comerc/budva43/app/testing/spylog/spylog.go:39.9,42.3 2 6
github.com/comerc/budva43/app/testing/spylog/spylog.go:43.2,44.9 2 24
github.com/comerc/budva43/app/testing/spylog/spylog.go:44.9,47.3 2 24
github.com/comerc/budva43/app/testing/spylog/spylog.go:48.2,50.16 3 24
github.com/comerc/budva43/app/testing/spylog/spylog.go:53.72,56.2 2 0
github.com/comerc/budva43/app/testing/spylog/spylog.go:58.65,60.29 2 24
github.com/comerc/budva43/app/testing/spylog/spylog.go:60.29,61.27 1 24
github.com/comerc/budva43/app/testing/spylog/spylog.go:61.27,63.9 2 24
github.com/comerc/budva43/app/testing/spylog/spylog.go:67.2,67.18 1 24
github.com/comerc/budva43/app/testing/spylog/spylog.go:67.18,69.3 1 0
github.com/comerc/budva43/app/testing/spylog/spylog.go:71.2,71.50 1 24
github.com/comerc/budva43/app/testing/spylog/spylog.go:71.50,72.71 1 24
github.com/comerc/budva43/app/testing/spylog/spylog.go:72.71,74.4 1 24
github.com/comerc/budva43/app/testing/spylog/spylog.go:76.2,76.10 1 0
github.com/comerc/budva43/app/testing/spylog/spylog.go:79.22,86.2 6 48
github.com/comerc/budva43/app/testing/spylog/spylog.go:88.59,90.2 1 0
github.com/comerc/budva43/app/testing/spylog/spylog.go:92.75,94.2 1 1
github.com/comerc/budva43/app/testing/spylog/spylog.go:100.47,102.2 1 24
github.com/comerc/budva43/app/testing/spylog/spylog.go:104.68,108.2 3 24
github.com/comerc/budva43/app/testing/spylog/spylog.go:110.61,112.2 1 0
github.com/comerc/budva43/app/testing/spylog/spylog.go:114.55,116.2 1 0
github.com/comerc/budva43/app/testing/spylog/spylog.go:118.71,120.2 1 24
github.com/comerc/budva43/app/testing/spylog/spylog.go:122.59,124.41 2 15
github.com/comerc/budva43/app/testing/spylog/spylog.go:124.41,125.22 1 58
github.com/comerc/budva43/app/testing/spylog/spylog.go:125.22,128.4 2 15
github.com/comerc/budva43/app/testing/spylog/spylog.go:129.3,129.14 1 43
github.com/comerc/budva43/app/testing/spylog/spylog.go:132.2,132.18 1 15
github.com/comerc/budva43/app/testing/spylog/spylog.go:132.18,134.3 1 0
github.com/comerc/budva43/app/testing/spylog/spylog.go:137.2,138.21 2 15
github.com/comerc/budva43/app/testing/spylog/spylog.go:138.21,141.46 2 15
github.com/comerc/budva43/app/testing/spylog/spylog.go:141.46,144.4 1 9
github.com/comerc/budva43/app/testing/spylog/spylog.go:146.3,146.37 1 6
github.com/comerc/budva43/app/testing/spylog/spylog.go:150.2,150.23 1 0
github.com/comerc/budva43/app/testing/spylog/spylog_auto.go:9.56,15.2 3 24
github.com/comerc/budva43/app/util/config_options.go:12.51,20.2 1 1
github.com/comerc/budva43/app/util/config_options.go:22.57,23.72 1 1
github.com/comerc/budva43/app/util/config_options.go:23.72,24.33 1 5
github.com/comerc/budva43/app/util/config_options.go:24.33,26.4 1 3
github.com/comerc/budva43/app/util/config_options.go:28.3,29.10 2 2
github.com/comerc/budva43/app/util/config_options.go:29.10,31.4 1 0
github.com/comerc/budva43/app/util/config_options.go:34.3,35.23 2 2
github.com/comerc/budva43/app/util/config_options.go:35.23,39.4 2 4
github.com/comerc/budva43/app/util/config_options.go:40.3,40.18 1 2
github.com/comerc/budva43/app/util/copy.go:7.36,10.2 2 0
github.com/comerc/budva43/app/util/copy.go:13.43,17.16 4 1
github.com/comerc/budva43/app/util/copy.go:17.16,19.3 1 0
github.com/comerc/budva43/app/util/copy.go:20.2,22.16 3 1
github.com/comerc/budva43/app/util/copy.go:22.16,24.3 1 0
github.com/comerc/budva43/app/util/copy.go:25.2,25.16 1 1
github.com/comerc/budva43/app/util/dir.go:10.26,12.16 2 1
github.com/comerc/budva43/app/util/dir.go:12.16,14.3 1 0
github.com/comerc/budva43/app/util/dir.go:15.2,15.16 1 1
github.com/comerc/budva43/app/util/dir.go:18.28,20.39 2 2
github.com/comerc/budva43/app/util/dir.go:20.39,22.3 1 0
github.com/comerc/budva43/app/util/dir.go:25.26,27.24 2 8
github.com/comerc/budva43/app/util/dir.go:27.24,28.55 1 6
github.com/comerc/budva43/app/util/dir.go:28.55,30.4 1 0
github.com/comerc/budva43/app/util/dir.go:31.8,31.23 1 2
github.com/comerc/budva43/app/util/dir.go:31.23,33.3 1 0
github.com/comerc/budva43/app/util/flag.go:9.35,12.30 3 0
github.com/comerc/budva43/app/util/flag.go:12.30,13.37 1 0
github.com/comerc/budva43/app/util/flag.go:13.37,16.4 2 0
github.com/comerc/budva43/app/util/flag.go:18.2,18.15 1 0
github.com/comerc/budva43/app/util/flag.go:21.32,23.30 2 0
github.com/comerc/budva43/app/util/flag.go:23.30,24.37 1 0
github.com/comerc/budva43/app/util/flag.go:24.37,26.4 1 0
github.com/comerc/budva43/app/util/flag.go:28.2,28.14 1 0
github.com/comerc/budva43/app/util/init.go:9.13,10.17 1 1
github.com/comerc/budva43/app/util/init.go:10.17,12.3 1 1
github.com/comerc/budva43/app/util/phone_number.go:7.43,17.55 4 0
github.com/comerc/budva43/app/util/phone_number.go:17.55,19.44 1 0
github.com/comerc/budva43/app/util/phone_number.go:19.44,21.4 1 0
github.com/comerc/budva43/app/util/phone_number.go:23.3,26.30 4 0
github.com/comerc/budva43/app/util/phone_number.go:30.2,39.45 5 0
github.com/comerc/budva43/app/util/project_root.go:13.31,17.16 3 1
github.com/comerc/budva43/app/util/project_root.go:17.16,21.17 2 0
github.com/comerc/budva43/app/util/project_root.go:21.17,24.4 1 0
github.com/comerc/budva43/app/util/project_root.go:25.3,25.20 1 0
github.com/comerc/budva43/app/util/project_root.go:29.2,33.20 3 1
github.com/comerc/budva43/app/util/string.go:13.38,15.2 1 0
github.com/comerc/budva43/app/util/string.go:18.46,20.16 2 0
github.com/comerc/budva43/app/util/string.go:20.16,22.3 1 0
github.com/comerc/budva43/app/util/string.go:23.2,23.13 1 0
github.com/comerc/budva43/app/util/string.go:27.36,30.2 2 0
github.com/comerc/budva43/app/util/string.go:33.30,35.2 1 0
github.com/comerc/budva43/app/util/string.go:37.52,39.23 2 0
github.com/comerc/budva43/app/util/string.go:39.23,42.3 2 0
github.com/comerc/budva43/repo/telegram/client_adapter.go:39.83,41.16 2 0
github.com/comerc/budva43/repo/telegram/client_adapter.go:41.16,43.3 1 0
github.com/comerc/budva43/repo/telegram/client_adapter.go:44.2,44.17 1 0
github.com/comerc/budva43/repo/telegram/client_adapter.go:48.85,50.16 2 0
github.com/comerc/budva43/repo/telegram/client_adapter.go:50.16,52.3 1 0
github.com/comerc/budva43/repo/telegram/client_adapter.go:53.2,53.17 1 0
github.com/comerc/budva43/repo/telegram/client_adapter.go:57.96,59.16 2 0
github.com/comerc/budva43/repo/telegram/client_adapter.go:59.16,61.3 1 0
github.com/comerc/budva43/repo/telegram/client_adapter.go:62.2,62.22 1 0
github.com/comerc/budva43/repo/telegram/client_adapter.go:66.93,68.16 2 0
github.com/comerc/budva43/repo/telegram/client_adapter.go:68.16,70.3 1 0
github.com/comerc/budva43/repo/telegram/client_adapter.go:71.2,71.17 1 0
github.com/comerc/budva43/repo/telegram/client_adapter.go:75.99,77.16 2 0
github.com/comerc/budva43/repo/telegram/client_adapter.go:77.16,79.3 1 0
github.com/comerc/budva43/repo/telegram/client_adapter.go:80.2,80.17 1 0
github.com/comerc/budva43/repo/telegram/client_adapter.go:84.86,86.16 2 0
github.com/comerc/budva43/repo/telegram/client_adapter.go:86.16,88.3 1 0
github.com/comerc/budva43/repo/telegram/client_adapter.go:89.2,89.16 1 0
github.com/comerc/budva43/repo/telegram/client_adapter.go:93.94,95.16 2 0
github.com/comerc/budva43/repo/telegram/client_adapter.go:95.16,97.3 1 0
github.com/comerc/budva43/repo/telegram/client_adapter.go:98.2,98.22 1 0
github.com/comerc/budva43/repo/telegram/client_adapter.go:102.95,104.16 2 0
github.com/comerc/budva43/repo/telegram/client_adapter.go:104.16,106.3 1 0
github.com/comerc/budva43/repo/telegram/client_adapter.go:107.2,107.18 1 0
github.com/comerc/budva43/repo/telegram/client_adapter.go:111.107,113.16 2 0
github.com/comerc/budva43/repo/telegram/client_adapter.go:113.16,115.3 1 0
github.com/comerc/budva43/repo/telegram/client_adapter.go:116.2,116.18 1 0
github.com/comerc/budva43/repo/telegram/client_adapter.go:120.76,122.16 2 0
github.com/comerc/budva43/repo/telegram/client_adapter.go:122.16,124.3 1 0
github.com/comerc/budva43/repo/telegram/client_adapter.go:125.2,125.16 1 0
github.com/comerc/budva43/repo/telegram/client_adapter.go:129.92,131.16 2 0
github.com/comerc/budva43/repo/telegram/client_adapter.go:131.16,133.3 1 0
github.com/comerc/budva43/repo/telegram/client_adapter.go:134.2,134.22 1 0
github.com/comerc/budva43/repo/telegram/client_adapter.go:138.74,140.16 2 0
github.com/comerc/budva43/repo/telegram/client_adapter.go:140.16,142.3 1 0
github.com/comerc/budva43/repo/telegram/client_adapter.go:143.2,143.18 1 0
github.com/comerc/budva43/repo/telegram/client_adapter.go:147.47,149.2 1 0
github.com/comerc/budva43/repo/telegram/client_adapter.go:152.103,154.16 2 0
github.com/comerc/budva43/repo/telegram/client_adapter.go:154.16,156.3 1 0
github.com/comerc/budva43/repo/telegram/client_adapter.go:157.2,157.27 1 0
github.com/comerc/budva43/repo/telegram/client_adapter.go:161.119,163.16 2 0
github.com/comerc/budva43/repo/telegram/client_adapter.go:163.16,165.3 1 0
github.com/comerc/budva43/repo/telegram/client_adapter.go:166.2,166.20 1 0
github.com/comerc/budva43/repo/telegram/client_adapter.go:170.84,172.16 2 0
github.com/comerc/budva43/repo/telegram/client_adapter.go:172.16,174.3 1 0
github.com/comerc/budva43/repo/telegram/client_adapter.go:175.2,175.20 1 0
github.com/comerc/budva43/repo/telegram/client_adapter.go:179.46,181.16 2 0
github.com/comerc/budva43/repo/telegram/client_adapter.go:181.16,183.3 1 0
github.com/comerc/budva43/repo/telegram/client_adapter.go:184.2,184.18 1 0
github.com/comerc/budva43/repo/telegram/repo.go:32.18,45.2 2 1
github.com/comerc/budva43/repo/telegram/repo.go:48.51,51.2 2 1
github.com/comerc/budva43/repo/telegram/repo.go:54.47,56.16 2 1
github.com/comerc/budva43/repo/telegram/repo.go:56.16,58.3 1 0
github.com/comerc/budva43/repo/telegram/repo.go:60.2,60.12 1 1
github.com/comerc/budva43/repo/telegram/repo.go:64.74,80.2 1 1
github.com/comerc/budva43/repo/telegram/repo.go:83.99,84.6 1 1
github.com/comerc/budva43/repo/telegram/repo.go:84.6,85.21 1 1
github.com/comerc/budva43/repo/telegram/repo.go:85.21,92.18 6 1
github.com/comerc/budva43/repo/telegram/repo.go:92.18,95.5 2 0
github.com/comerc/budva43/repo/telegram/repo.go:97.4,100.15 3 0
github.com/comerc/budva43/repo/telegram/repo.go:103.3,103.9 1 0
github.com/comerc/budva43/repo/telegram/repo.go:103.9,104.9 1 0
github.com/comerc/budva43/repo/telegram/repo.go:110.30,113.21 2 1
github.com/comerc/budva43/repo/telegram/repo.go:113.21,115.3 1 1
github.com/comerc/budva43/repo/telegram/repo.go:116.2,117.16 2 0
github.com/comerc/budva43/repo/telegram/repo.go:117.16,119.3 1 0
github.com/comerc/budva43/repo/telegram/repo.go:120.2,129.12 3 0
github.com/comerc/budva43/repo/telegram/repo.go:133.43,135.2 1 4
github.com/comerc/budva43/repo/telegram/repo.go:138.43,141.2 2 0
github.com/comerc/budva43/repo/telegram/repo.go:144.39,153.16 3 1
github.com/comerc/budva43/repo/telegram/repo.go:153.16,155.3 1 0
github.com/comerc/budva43/repo/telegram/repo.go:156.2,159.16 2 1
github.com/comerc/budva43/repo/telegram/repo.go:159.16,161.3 1 0
github.com/comerc/budva43/repo/telegram/repo.go:162.2,162.12 1 1
github.com/comerc/budva43/service/auth/service.go:39.46,47.2 1 1
github.com/comerc/budva43/service/auth/service.go:50.52,55.2 2 1
github.com/comerc/budva43/service/auth/service.go:58.33,63.2 2 1
github.com/comerc/budva43/service/auth/service.go:66.48,68.2 1 2
github.com/comerc/budva43/service/auth/service.go:71.46,73.2 1 4
github.com/comerc/budva43/service/auth/service.go:76.38,84.16 5 0
github.com/comerc/budva43/service/auth/service.go:84.16,86.3 1 0
github.com/comerc/budva43/service/auth/service.go:87.2,91.16 4 0
github.com/comerc/budva43/service/auth/service.go:91.16,93.3 1 0
github.com/comerc/budva43/service/auth/service.go:95.2,95.68 1 0
github.com/comerc/budva43/service/auth/service.go:99.44,103.2 3 2
github.com/comerc/budva43/service/auth/service.go:106.62,109.39 3 3
github.com/comerc/budva43/service/auth/service.go:109.39,111.3 1 6
github.com/comerc/budva43/service/auth/service.go:115.104,116.49 1 1
github.com/comerc/budva43/service/auth/service.go:116.49,121.13 3 1
github.com/comerc/budva43/service/auth/service.go:121.13,122.8 1 1
github.com/comerc/budva43/service/auth/service.go:122.8,123.12 1 4
github.com/comerc/budva43/service/auth/service.go:124.23,125.12 1 1
github.com/comerc/budva43/service/auth/service.go:126.42,127.13 1 3
github.com/comerc/budva43/service/auth/service.go:127.13,129.7 1 0
github.com/comerc/budva43/service/auth/service.go:130.6,131.59 2 3
github.com/comerc/budva43/service/auth/service.go:131.59,132.15 1 0
github.com/comerc/budva43/service/auth/service.go:134.6,135.23 2 3
github.com/comerc/budva43/service/auth/service.go:136.56,137.46 1 1
github.com/comerc/budva43/service/auth/service.go:138.49,139.39 1 1
github.com/comerc/budva43/service/auth/service.go:140.53,141.43 1 0
github.com/comerc/budva43/service/auth/service.go:147.3,147.20 1 1
github.com/comerc/budva43/transport/cli/transport.go:51.46,66.2 3 1
github.com/comerc/budva43/transport/cli/transport.go:69.58,72.2 2 1
github.com/comerc/budva43/transport/cli/transport.go:75.71,83.2 4 1
github.com/comerc/budva43/transport/cli/transport.go:86.35,89.2 2 1
github.com/comerc/budva43/transport/cli/transport.go:92.55,95.6 2 1
github.com/comerc/budva43/transport/cli/transport.go:95.6,96.10 1 4
github.com/comerc/budva43/transport/cli/transport.go:97.21,98.10 1 1
github.com/comerc/budva43/transport/cli/transport.go:99.40,100.15 1 0
github.com/comerc/budva43/transport/cli/transport.go:100.15,103.5 2 0
github.com/comerc/budva43/transport/cli/transport.go:104.4,105.25 2 0
github.com/comerc/budva43/transport/cli/transport.go:105.25,107.5 1 0
github.com/comerc/budva43/transport/cli/transport.go:108.4,109.27 2 0
github.com/comerc/budva43/transport/cli/transport.go:110.35,111.24 1 3
github.com/comerc/budva43/transport/cli/transport.go:117.41,118.47 1 1
github.com/comerc/budva43/transport/cli/transport.go:118.47,119.10 1 3
github.com/comerc/budva43/transport/cli/transport.go:120.33,120.33 0 3
github.com/comerc/budva43/transport/cli/transport.go:122.11,122.11 0 0
github.com/comerc/budva43/transport/cli/transport.go:129.40,144.33 3 1
github.com/comerc/budva43/transport/cli/transport.go:144.33,146.3 1 2
github.com/comerc/budva43/transport/cli/transport.go:150.50,155.21 4 0
github.com/comerc/budva43/transport/cli/transport.go:155.21,158.3 2 0
github.com/comerc/budva43/transport/cli/transport.go:160.2,162.20 3 0
github.com/comerc/budva43/transport/cli/transport.go:162.20,164.3 1 0
github.com/comerc/budva43/transport/cli/transport.go:166.2,168.9 3 0
github.com/comerc/budva43/transport/cli/transport.go:168.9,172.3 3 0
github.com/comerc/budva43/transport/cli/transport.go:174.2,174.23 1 0
github.com/comerc/budva43/transport/cli/transport.go:178.47,180.33 2 0
github.com/comerc/budva43/transport/cli/transport.go:180.33,182.3 1 0
github.com/comerc/budva43/transport/cli/transport.go:186.47,189.2 2 0
github.com/comerc/budva43/transport/cli/transport.go:192.66,196.18 3 3
github.com/comerc/budva43/transport/cli/transport.go:196.18,199.3 2 0
github.com/comerc/budva43/transport/cli/transport.go:201.2,203.19 2 3
github.com/comerc/budva43/transport/cli/transport.go:204.52,206.24 2 1
github.com/comerc/budva43/transport/cli/transport.go:206.24,209.18 3 1
github.com/comerc/budva43/transport/cli/transport.go:209.18,211.5 1 0
github.com/comerc/budva43/transport/cli/transport.go:212.9,214.4 1 0
github.com/comerc/budva43/transport/cli/transport.go:215.3,215.46 1 1
github.com/comerc/budva43/transport/cli/transport.go:217.45,221.17 4 1
github.com/comerc/budva43/transport/cli/transport.go:221.17,223.4 1 0
github.com/comerc/budva43/transport/cli/transport.go:224.3,224.39 1 1
github.com/comerc/budva43/transport/cli/transport.go:226.49,230.17 4 0
github.com/comerc/budva43/transport/cli/transport.go:230.17,232.4 1 0
github.com/comerc/budva43/transport/cli/transport.go:233.3,233.43 1 0
github.com/comerc/budva43/transport/cli/transport.go:239.54,243.2 3 2
github.com/comerc/budva43/transport/web/transport.go:42.14,48.2 1 1
github.com/comerc/budva43/transport/web/transport.go:51.71,55.23 3 1
github.com/comerc/budva43/transport/web/transport.go:55.23,57.3 1 0
github.com/comerc/budva43/transport/web/transport.go:59.2,65.12 4 1
github.com/comerc/budva43/transport/web/transport.go:69.35,77.16 5 1
github.com/comerc/budva43/transport/web/transport.go:77.16,79.3 1 0
github.com/comerc/budva43/transport/web/transport.go:81.2,81.12 1 1
github.com/comerc/budva43/transport/web/transport.go:85.41,86.47 1 1
github.com/comerc/budva43/transport/web/transport.go:86.47,88.3 1 3
github.com/comerc/budva43/transport/web/transport.go:91.36,105.2 3 1
github.com/comerc/budva43/transport/web/transport.go:107.33,113.42 4 1
github.com/comerc/budva43/transport/web/transport.go:113.42,115.3 1 1
github.com/comerc/budva43/transport/web/transport.go:119.53,128.2 6 1
github.com/comerc/budva43/transport/web/transport.go:131.75,133.2 1 0
github.com/comerc/budva43/transport/web/transport.go:136.72,139.15 3 0
github.com/comerc/budva43/transport/web/transport.go:139.15,143.3 1 0
github.com/comerc/budva43/transport/web/transport.go:145.2,146.48 2 0
github.com/comerc/budva43/transport/web/transport.go:150.77,153.15 3 1
github.com/comerc/budva43/transport/web/transport.go:153.15,157.3 1 1
github.com/comerc/budva43/transport/web/transport.go:159.2,159.32 1 1
github.com/comerc/budva43/transport/web/transport.go:159.32,162.3 2 0
github.com/comerc/budva43/transport/web/transport.go:164.2,167.18 3 1
github.com/comerc/budva43/transport/web/transport.go:167.18,169.3 1 1
github.com/comerc/budva43/transport/web/transport.go:171.2,174.4 2 1
github.com/comerc/budva43/transport/web/transport.go:178.79,181.15 3 0
github.com/comerc/budva43/transport/web/transport.go:181.15,185.3 1 0
github.com/comerc/budva43/transport/web/transport.go:187.2,187.33 1 0
github.com/comerc/budva43/transport/web/transport.go:187.33,190.3 2 0
github.com/comerc/budva43/transport/web/transport.go:192.2,197.16 3 0
github.com/comerc/budva43/transport/web/transport.go:197.16,200.3 2 0
github.com/comerc/budva43/transport/web/transport.go:202.2,208.4 4 0
github.com/comerc/budva43/transport/web/transport.go:212.78,215.15 3 0
github.com/comerc/budva43/transport/web/transport.go:215.15,219.3 1 0
github.com/comerc/budva43/transport/web/transport.go:221.2,221.33 1 0
github.com/comerc/budva43/transport/web/transport.go:221.33,224.3 2 0
github.com/comerc/budva43/transport/web/transport.go:226.2,231.16 3 0
github.com/comerc/budva43/transport/web/transport.go:231.16,234.3 2 0
github.com/comerc/budva43/transport/web/transport.go:236.2,242.4 4 0
github.com/comerc/budva43/transport/web/transport.go:246.82,249.15 3 0
github.com/comerc/budva43/transport/web/transport.go:249.15,253.3 1 0
github.com/comerc/budva43/transport/web/transport.go:255.2,255.33 1 0
github.com/comerc/budva43/transport/web/transport.go:255.33,258.3 2 0
github.com/comerc/budva43/transport/web/transport.go:260.2,265.16 3 0
github.com/comerc/budva43/transport/web/transport.go:265.16,268.3 2 0
github.com/comerc/budva43/transport/web/transport.go:270.2,276.4 4 0
github.com/comerc/budva43/transport/web/transport.go:280.35,283.16 2 1
github.com/comerc/budva43/transport/web/transport.go:283.16,286.3 1 1
github.com/comerc/budva43/transport/web/transport.go:288.2,289.14 2 0
